This file contains any messages produced by compilers while
running configure, to aid debugging if configure makes a mistake.

It was created by configure, which was
generated by GNU Autoconf 2.53.  Invocation command line was

  $ ./configure --prefix=/home/kaiten/kecoak/install

## --------- ##
## Platform. ##
## --------- ##

hostname = poseidon.te.ugm.ac.id
uname -m = i386
uname -r = 3.9
uname -s = OpenBSD
uname -v = GENERIC#617

/usr/bin/uname -p = Intel Pentium/MMX ("GenuineIntel" 586-class)
/bin/uname -X     = unknown

/bin/arch              = unknown
/usr/bin/arch -k       = OpenBSD.i386
/usr/convex/getsysinfo = unknown
hostinfo               = unknown
/bin/machine           = unknown
/usr/bin/oslevel       = unknown
/bin/universe          = unknown

PATH: /usr/bin
PATH: /bin
PATH: /usr/sbin
PATH: /sbin
PATH: /usr/X11R6/bin
PATH: /usr/local/bin


## ----------- ##
## Core tests. ##
## ----------- ##

configure:1301: checking for gcc
configure:1317: found /usr/bin/gcc
configure:1327: result: gcc
configure:1571: checking for C compiler version
configure:1574: gcc --version </dev/null >&5
gcc (GCC) 3.3.5 (propolice)
Copyright (C) 2003 Free Software Foundation, Inc.
This is free software; see the source for copying conditions.  There is NO
warranty; not even for MERCHANTABILITY or FITNESS FOR A PARTICULAR PURPOSE.

configure:1577: $? = 0
configure:1579: gcc -v </dev/null >&5
Reading specs from /usr/lib/gcc-lib/i386-unknown-openbsd3.9/3.3.5/specs
Configured with: 
Thread model: single
gcc version 3.3.5 (propolice)
configure:1582: $? = 0
configure:1584: gcc -V </dev/null >&5
gcc: `-V' option must have argument
configure:1587: $? = 1
configure:1613: checking for C compiler default output
configure:1616: gcc    conftest.c  >&5
configure:1619: $? = 0
configure:1652: result: a.out
configure:1657: checking whether the C compiler works
configure:1663: ./a.out
configure:1666: $? = 0
configure:1681: result: yes
configure:1688: checking whether we are cross compiling
configure:1690: result: no
configure:1693: checking for suffix of executables
configure:1695: gcc -o conftest    conftest.c  >&5
configure:1698: $? = 0
configure:1720: result: 
configure:1726: checking for suffix of object files
configure:1750: gcc -c   conftest.c >&5
configure:1753: $? = 0
configure:1772: result: o
configure:1776: checking whether we are using the GNU C compiler
configure:1803: gcc -c   conftest.c >&5
configure:1806: $? = 0
configure:1809: test -s conftest.o
configure:1812: $? = 0
configure:1824: result: yes
configure:1830: checking whether gcc accepts -g
configure:1854: gcc -c -g  conftest.c >&5
configure:1857: $? = 0
configure:1860: test -s conftest.o
configure:1863: $? = 0
configure:1873: result: yes
configure:1900: gcc -c -g -O2  conftest.c >&5
conftest.c:2: error: syntax error before "me"
configure:1903: $? = 1
configure: failed program was:
#ifndef __cplusplus
  choke me
#endif
configure:2044: checking build system type
configure:2062: result: i386-unknown-openbsd3.9
configure:2070: checking host system type
configure:2084: result: i386-unknown-openbsd3.9
configure:2093: checking whether byte ordering is bigendian
configure:2123: gcc -c -g -O2  conftest.c >&5
configure:2126: $? = 0
configure:2129: test -s conftest.o
configure:2132: $? = 0
configure:2159: gcc -c -g -O2  conftest.c >&5
configure: In function `main':
configure:2149: error: syntax error before "big"
configure:2162: $? = 1
configure: failed program was:
#line 2135 "configure"
#include "confdefs.h"
#include <sys/types.h>
#include <sys/param.h>

#ifdef F77_DUMMY_MAIN
#  ifdef __cplusplus
     extern "C"
#  endif
   int F77_DUMMY_MAIN() { return 1; }
#endif
int
main ()
{
#if BYTE_ORDER != BIG_ENDIAN
 not big endian
#endif

  ;
  return 0;
}
configure:2276: result: no
configure:2302: checking how to run the C preprocessor
configure:2328: gcc -E  conftest.c
configure:2334: $? = 0
configure:2361: gcc -E  conftest.c
configure:2357:28: ac_nonexistent.h: No such file or directory
configure:2367: $? = 1
configure: failed program was:
#line 2356 "configure"
#include "confdefs.h"
#include <ac_nonexistent.h>
configure:2404: result: gcc -E
configure:2419: gcc -E  conftest.c
configure:2425: $? = 0
configure:2452: gcc -E  conftest.c
configure:2448:28: ac_nonexistent.h: No such file or directory
configure:2458: $? = 1
configure: failed program was:
#line 2447 "configure"
#include "confdefs.h"
#include <ac_nonexistent.h>
configure:2538: checking for ranlib
configure:2554: found /usr/bin/ranlib
configure:2565: result: ranlib
configure:2589: checking for a BSD-compatible install
configure:2643: result: /usr/bin/install -c
configure:2656: checking for ar
configure:2674: found /usr/bin/ar
configure:2686: result: /usr/bin/ar
configure:2697: checking for perl5
configure:2730: result: no
configure:2697: checking for perl
configure:2715: found /usr/bin/perl
configure:2727: result: /usr/bin/perl
configure:2740: checking for ent
configure:2773: result: no
configure:2782: checking for filepriv
configure:2816: result: no
configure:2826: checking for bash
configure:2844: found /usr/local/bin/bash
configure:2856: result: /usr/local/bin/bash
configure:2865: checking for ksh
configure:2895: result: /usr/local/bin/bash
configure:2904: checking for sh
configure:2934: result: /usr/local/bin/bash
configure:2943: checking for sh
configure:2961: found /bin/sh
configure:2973: result: /bin/sh
configure:2989: checking for special C compiler options needed for large files
configure:3069: result: no
configure:3075: checking for _FILE_OFFSET_BITS value needed for large files
configure:3109: gcc -c -g -O2  conftest.c >&5
configure:3112: $? = 0
configure:3115: test -s conftest.o
configure:3118: $? = 0
configure:3174: result: no
configure:3184: checking for _LARGE_FILES value needed for large files
configure:3218: gcc -c -g -O2  conftest.c >&5
configure:3221: $? = 0
configure:3224: test -s conftest.o
configure:3227: $? = 0
configure:3283: result: no
configure:3312: checking for login
configure:3330: found /usr/bin/login
configure:3342: result: /usr/bin/login
configure:3362: checking for gcc option to accept ANSI C
configure:3425: gcc  -c -g -O2  conftest.c >&5
configure:3428: $? = 0
configure:3431: test -s conftest.o
configure:3434: $? = 0
configure:3451: result: none needed
configure:3459: checking for inline
configure:3476: gcc -c -g -O2  conftest.c >&5
configure:3479: $? = 0
configure:3482: test -s conftest.o
configure:3485: $? = 0
configure:3496: result: inline
configure:4472: checking for ANSI C header files
configure:4486: gcc -E  conftest.c
configure:4492: $? = 0
configure:4579: gcc -o conftest -g -O2 -Wall -Wpointer-arith -Wno-uninitialized   conftest.c  >&5
configure: In function `main':
configure:4570: warning: implicit declaration of function `exit'
configure:4582: $? = 0
configure:4584: ./conftest
configure:4587: $? = 0
configure:4601: result: yes
configure:4625: checking for sys/types.h
configure:4638: gcc -c -g -O2 -Wall -Wpointer-arith -Wno-uninitialized  conftest.c >&5
configure:4641: $? = 0
configure:4644: test -s conftest.o
configure:4647: $? = 0
configure:4657: result: yes
configure:4625: checking for sys/stat.h
configure:4638: gcc -c -g -O2 -Wall -Wpointer-arith -Wno-uninitialized  conftest.c >&5
configure:4641: $? = 0
configure:4644: test -s conftest.o
configure:4647: $? = 0
configure:4657: result: yes
configure:4625: checking for stdlib.h
configure:4638: gcc -c -g -O2 -Wall -Wpointer-arith -Wno-uninitialized  conftest.c >&5
configure:4641: $? = 0
configure:4644: test -s conftest.o
configure:4647: $? = 0
configure:4657: result: yes
configure:4625: checking for string.h
configure:4638: gcc -c -g -O2 -Wall -Wpointer-arith -Wno-uninitialized  conftest.c >&5
configure:4641: $? = 0
configure:4644: test -s conftest.o
configure:4647: $? = 0
configure:4657: result: yes
configure:4625: checking for memory.h
configure:4638: gcc -c -g -O2 -Wall -Wpointer-arith -Wno-uninitialized  conftest.c >&5
configure:4641: $? = 0
configure:4644: test -s conftest.o
configure:4647: $? = 0
configure:4657: result: yes
configure:4625: checking for strings.h
configure:4638: gcc -c -g -O2 -Wall -Wpointer-arith -Wno-uninitialized  conftest.c >&5
configure:4641: $? = 0
configure:4644: test -s conftest.o
configure:4647: $? = 0
configure:4657: result: yes
configure:4625: checking for inttypes.h
configure:4638: gcc -c -g -O2 -Wall -Wpointer-arith -Wno-uninitialized  conftest.c >&5
configure:4641: $? = 0
configure:4644: test -s conftest.o
configure:4647: $? = 0
configure:4657: result: yes
configure:4625: checking for stdint.h
configure:4638: gcc -c -g -O2 -Wall -Wpointer-arith -Wno-uninitialized  conftest.c >&5
configure:4641: $? = 0
configure:4644: test -s conftest.o
configure:4647: $? = 0
configure:4657: result: yes
configure:4625: checking for unistd.h
configure:4638: gcc -c -g -O2 -Wall -Wpointer-arith -Wno-uninitialized  conftest.c >&5
configure:4641: $? = 0
configure:4644: test -s conftest.o
configure:4647: $? = 0
configure:4657: result: yes
configure:4731: checking bstring.h usability
configure:4740: gcc -c -g -O2 -Wall -Wpointer-arith -Wno-uninitialized  conftest.c >&5
configure:4768:21: bstring.h: No such file or directory
configure:4743: $? = 1
configure: failed program was:
#line 4733 "configure"
#include "confdefs.h"
#include <stdio.h>
#if HAVE_SYS_TYPES_H
# include <sys/types.h>
#endif
#if HAVE_SYS_STAT_H
# include <sys/stat.h>
#endif
#if STDC_HEADERS
# include <stdlib.h>
# include <stddef.h>
#else
# if HAVE_STDLIB_H
#  include <stdlib.h>
# endif
#endif
#if HAVE_STRING_H
# if !STDC_HEADERS && HAVE_MEMORY_H
#  include <memory.h>
# endif
# include <string.h>
#endif
#if HAVE_STRINGS_H
# include <strings.h>
#endif
#if HAVE_INTTYPES_H
# include <inttypes.h>
#else
# if HAVE_STDINT_H
#  include <stdint.h>
# endif
#endif
#if HAVE_UNISTD_H
# include <unistd.h>
#endif
#include <bstring.h>
configure:4758: result: no
configure:4762: checking bstring.h presence
configure:4769: gcc -E  conftest.c
configure:4765:21: bstring.h: No such file or directory
configure:4775: $? = 1
configure: failed program was:
#line 4764 "configure"
#include "confdefs.h"
#include <bstring.h>
configure:4793: result: no
configure:4811: checking for bstring.h
configure:4818: result: no
configure:4731: checking crypt.h usability
configure:4740: gcc -c -g -O2 -Wall -Wpointer-arith -Wno-uninitialized  conftest.c >&5
configure:4768:19: crypt.h: No such file or directory
configure:4743: $? = 1
configure: failed program was:
#line 4733 "configure"
#include "confdefs.h"
#include <stdio.h>
#if HAVE_SYS_TYPES_H
# include <sys/types.h>
#endif
#if HAVE_SYS_STAT_H
# include <sys/stat.h>
#endif
#if STDC_HEADERS
# include <stdlib.h>
# include <stddef.h>
#else
# if HAVE_STDLIB_H
#  include <stdlib.h>
# endif
#endif
#if HAVE_STRING_H
# if !STDC_HEADERS && HAVE_MEMORY_H
#  include <memory.h>
# endif
# include <string.h>
#endif
#if HAVE_STRINGS_H
# include <strings.h>
#endif
#if HAVE_INTTYPES_H
# include <inttypes.h>
#else
# if HAVE_STDINT_H
#  include <stdint.h>
# endif
#endif
#if HAVE_UNISTD_H
# include <unistd.h>
#endif
#include <crypt.h>
configure:4758: result: no
configure:4762: checking crypt.h presence
configure:4769: gcc -E  conftest.c
configure:4765:19: crypt.h: No such file or directory
configure:4775: $? = 1
configure: failed program was:
#line 4764 "configure"
#include "confdefs.h"
#include <crypt.h>
configure:4793: result: no
configure:4811: checking for crypt.h
configure:4818: result: no
configure:4731: checking endian.h usability
configure:4740: gcc -c -g -O2 -Wall -Wpointer-arith -Wno-uninitialized  conftest.c >&5
configure:4768:20: endian.h: No such file or directory
configure:4743: $? = 1
configure: failed program was:
#line 4733 "configure"
#include "confdefs.h"
#include <stdio.h>
#if HAVE_SYS_TYPES_H
# include <sys/types.h>
#endif
#if HAVE_SYS_STAT_H
# include <sys/stat.h>
#endif
#if STDC_HEADERS
# include <stdlib.h>
# include <stddef.h>
#else
# if HAVE_STDLIB_H
#  include <stdlib.h>
# endif
#endif
#if HAVE_STRING_H
# if !STDC_HEADERS && HAVE_MEMORY_H
#  include <memory.h>
# endif
# include <string.h>
#endif
#if HAVE_STRINGS_H
# include <strings.h>
#endif
#if HAVE_INTTYPES_H
# include <inttypes.h>
#else
# if HAVE_STDINT_H
#  include <stdint.h>
# endif
#endif
#if HAVE_UNISTD_H
# include <unistd.h>
#endif
#include <endian.h>
configure:4758: result: no
configure:4762: checking endian.h presence
configure:4769: gcc -E  conftest.c
configure:4765:20: endian.h: No such file or directory
configure:4775: $? = 1
configure: failed program was:
#line 4764 "configure"
#include "confdefs.h"
#include <endian.h>
configure:4793: result: no
configure:4811: checking for endian.h
configure:4818: result: no
configure:4731: checking floatingpoint.h usability
configure:4740: gcc -c -g -O2 -Wall -Wpointer-arith -Wno-uninitialized  conftest.c >&5
configure:4768:27: floatingpoint.h: No such file or directory
configure:4743: $? = 1
configure: failed program was:
#line 4733 "configure"
#include "confdefs.h"
#include <stdio.h>
#if HAVE_SYS_TYPES_H
# include <sys/types.h>
#endif
#if HAVE_SYS_STAT_H
# include <sys/stat.h>
#endif
#if STDC_HEADERS
# include <stdlib.h>
# include <stddef.h>
#else
# if HAVE_STDLIB_H
#  include <stdlib.h>
# endif
#endif
#if HAVE_STRING_H
# if !STDC_HEADERS && HAVE_MEMORY_H
#  include <memory.h>
# endif
# include <string.h>
#endif
#if HAVE_STRINGS_H
# include <strings.h>
#endif
#if HAVE_INTTYPES_H
# include <inttypes.h>
#else
# if HAVE_STDINT_H
#  include <stdint.h>
# endif
#endif
#if HAVE_UNISTD_H
# include <unistd.h>
#endif
#include <floatingpoint.h>
configure:4758: result: no
configure:4762: checking floatingpoint.h presence
configure:4769: gcc -E  conftest.c
configure:4765:27: floatingpoint.h: No such file or directory
configure:4775: $? = 1
configure: failed program was:
#line 4764 "configure"
#include "confdefs.h"
#include <floatingpoint.h>
configure:4793: result: no
configure:4811: checking for floatingpoint.h
configure:4818: result: no
configure:4731: checking getopt.h usability
configure:4740: gcc -c -g -O2 -Wall -Wpointer-arith -Wno-uninitialized  conftest.c >&5
configure:4743: $? = 0
configure:4746: test -s conftest.o
configure:4749: $? = 0
configure:4758: result: yes
configure:4762: checking getopt.h presence
configure:4769: gcc -E  conftest.c
configure:4775: $? = 0
configure:4793: result: yes
configure:4811: checking for getopt.h
configure:4818: result: yes
configure:4731: checking glob.h usability
configure:4740: gcc -c -g -O2 -Wall -Wpointer-arith -Wno-uninitialized  conftest.c >&5
configure:4743: $? = 0
configure:4746: test -s conftest.o
configure:4749: $? = 0
configure:4758: result: yes
configure:4762: checking glob.h presence
configure:4769: gcc -E  conftest.c
configure:4775: $? = 0
configure:4793: result: yes
configure:4811: checking for glob.h
configure:4818: result: yes
configure:4731: checking lastlog.h usability
configure:4740: gcc -c -g -O2 -Wall -Wpointer-arith -Wno-uninitialized  conftest.c >&5
configure:4768:21: lastlog.h: No such file or directory
configure:4743: $? = 1
configure: failed program was:
#line 4733 "configure"
#include "confdefs.h"
#include <stdio.h>
#if HAVE_SYS_TYPES_H
# include <sys/types.h>
#endif
#if HAVE_SYS_STAT_H
# include <sys/stat.h>
#endif
#if STDC_HEADERS
# include <stdlib.h>
# include <stddef.h>
#else
# if HAVE_STDLIB_H
#  include <stdlib.h>
# endif
#endif
#if HAVE_STRING_H
# if !STDC_HEADERS && HAVE_MEMORY_H
#  include <memory.h>
# endif
# include <string.h>
#endif
#if HAVE_STRINGS_H
# include <strings.h>
#endif
#if HAVE_INTTYPES_H
# include <inttypes.h>
#else
# if HAVE_STDINT_H
#  include <stdint.h>
# endif
#endif
#if HAVE_UNISTD_H
# include <unistd.h>
#endif
#include <lastlog.h>
configure:4758: result: no
configure:4762: checking lastlog.h presence
configure:4769: gcc -E  conftest.c
configure:4765:21: lastlog.h: No such file or directory
configure:4775: $? = 1
configure: failed program was:
#line 4764 "configure"
#include "confdefs.h"
#include <lastlog.h>
configure:4793: result: no
configure:4811: checking for lastlog.h
configure:4818: result: no
configure:4731: checking limits.h usability
configure:4740: gcc -c -g -O2 -Wall -Wpointer-arith -Wno-uninitialized  conftest.c >&5
configure:4743: $? = 0
configure:4746: test -s conftest.o
configure:4749: $? = 0
configure:4758: result: yes
configure:4762: checking limits.h presence
configure:4769: gcc -E  conftest.c
configure:4775: $? = 0
configure:4793: result: yes
configure:4811: checking for limits.h
configure:4818: result: yes
configure:4731: checking login.h usability
configure:4740: gcc -c -g -O2 -Wall -Wpointer-arith -Wno-uninitialized  conftest.c >&5
configure:4768:19: login.h: No such file or directory
configure:4743: $? = 1
configure: failed program was:
#line 4733 "configure"
#include "confdefs.h"
#include <stdio.h>
#if HAVE_SYS_TYPES_H
# include <sys/types.h>
#endif
#if HAVE_SYS_STAT_H
# include <sys/stat.h>
#endif
#if STDC_HEADERS
# include <stdlib.h>
# include <stddef.h>
#else
# if HAVE_STDLIB_H
#  include <stdlib.h>
# endif
#endif
#if HAVE_STRING_H
# if !STDC_HEADERS && HAVE_MEMORY_H
#  include <memory.h>
# endif
# include <string.h>
#endif
#if HAVE_STRINGS_H
# include <strings.h>
#endif
#if HAVE_INTTYPES_H
# include <inttypes.h>
#else
# if HAVE_STDINT_H
#  include <stdint.h>
# endif
#endif
#if HAVE_UNISTD_H
# include <unistd.h>
#endif
#include <login.h>
configure:4758: result: no
configure:4762: checking login.h presence
configure:4769: gcc -E  conftest.c
configure:4765:19: login.h: No such file or directory
configure:4775: $? = 1
configure: failed program was:
#line 4764 "configure"
#include "confdefs.h"
#include <login.h>
configure:4793: result: no
configure:4811: checking for login.h
configure:4818: result: no
configure:4731: checking login_cap.h usability
configure:4740: gcc -c -g -O2 -Wall -Wpointer-arith -Wno-uninitialized  conftest.c >&5
configure:4743: $? = 0
configure:4746: test -s conftest.o
configure:4749: $? = 0
configure:4758: result: yes
configure:4762: checking login_cap.h presence
configure:4769: gcc -E  conftest.c
configure:4775: $? = 0
configure:4793: result: yes
configure:4811: checking for login_cap.h
configure:4818: result: yes
configure:4731: checking maillock.h usability
configure:4740: gcc -c -g -O2 -Wall -Wpointer-arith -Wno-uninitialized  conftest.c >&5
configure:4768:22: maillock.h: No such file or directory
configure:4743: $? = 1
configure: failed program was:
#line 4733 "configure"
#include "confdefs.h"
#include <stdio.h>
#if HAVE_SYS_TYPES_H
# include <sys/types.h>
#endif
#if HAVE_SYS_STAT_H
# include <sys/stat.h>
#endif
#if STDC_HEADERS
# include <stdlib.h>
# include <stddef.h>
#else
# if HAVE_STDLIB_H
#  include <stdlib.h>
# endif
#endif
#if HAVE_STRING_H
# if !STDC_HEADERS && HAVE_MEMORY_H
#  include <memory.h>
# endif
# include <string.h>
#endif
#if HAVE_STRINGS_H
# include <strings.h>
#endif
#if HAVE_INTTYPES_H
# include <inttypes.h>
#else
# if HAVE_STDINT_H
#  include <stdint.h>
# endif
#endif
#if HAVE_UNISTD_H
# include <unistd.h>
#endif
#include <maillock.h>
configure:4758: result: no
configure:4762: checking maillock.h presence
configure:4769: gcc -E  conftest.c
configure:4765:22: maillock.h: No such file or directory
configure:4775: $? = 1
configure: failed program was:
#line 4764 "configure"
#include "confdefs.h"
#include <maillock.h>
configure:4793: result: no
configure:4811: checking for maillock.h
configure:4818: result: no
configure:4731: checking netdb.h usability
configure:4740: gcc -c -g -O2 -Wall -Wpointer-arith -Wno-uninitialized  conftest.c >&5
configure:4743: $? = 0
configure:4746: test -s conftest.o
configure:4749: $? = 0
configure:4758: result: yes
configure:4762: checking netdb.h presence
configure:4769: gcc -E  conftest.c
configure:4775: $? = 0
configure:4793: result: yes
configure:4811: checking for netdb.h
configure:4818: result: yes
configure:4731: checking netgroup.h usability
configure:4740: gcc -c -g -O2 -Wall -Wpointer-arith -Wno-uninitialized  conftest.c >&5
configure:4743: $? = 0
configure:4746: test -s conftest.o
configure:4749: $? = 0
configure:4758: result: yes
configure:4762: checking netgroup.h presence
configure:4769: gcc -E  conftest.c
configure:4775: $? = 0
configure:4793: result: yes
configure:4811: checking for netgroup.h
configure:4818: result: yes
configure:4731: checking netinet/in_systm.h usability
configure:4740: gcc -c -g -O2 -Wall -Wpointer-arith -Wno-uninitialized  conftest.c >&5
configure:4743: $? = 0
configure:4746: test -s conftest.o
configure:4749: $? = 0
configure:4758: result: yes
configure:4762: checking netinet/in_systm.h presence
configure:4769: gcc -E  conftest.c
configure:4775: $? = 0
configure:4793: result: yes
configure:4811: checking for netinet/in_systm.h
configure:4818: result: yes
configure:4731: checking paths.h usability
configure:4740: gcc -c -g -O2 -Wall -Wpointer-arith -Wno-uninitialized  conftest.c >&5
configure:4743: $? = 0
configure:4746: test -s conftest.o
configure:4749: $? = 0
configure:4758: result: yes
configure:4762: checking paths.h presence
configure:4769: gcc -E  conftest.c
configure:4775: $? = 0
configure:4793: result: yes
configure:4811: checking for paths.h
configure:4818: result: yes
configure:4731: checking pty.h usability
configure:4740: gcc -c -g -O2 -Wall -Wpointer-arith -Wno-uninitialized  conftest.c >&5
configure:4768:17: pty.h: No such file or directory
configure:4743: $? = 1
configure: failed program was:
#line 4733 "configure"
#include "confdefs.h"
#include <stdio.h>
#if HAVE_SYS_TYPES_H
# include <sys/types.h>
#endif
#if HAVE_SYS_STAT_H
# include <sys/stat.h>
#endif
#if STDC_HEADERS
# include <stdlib.h>
# include <stddef.h>
#else
# if HAVE_STDLIB_H
#  include <stdlib.h>
# endif
#endif
#if HAVE_STRING_H
# if !STDC_HEADERS && HAVE_MEMORY_H
#  include <memory.h>
# endif
# include <string.h>
#endif
#if HAVE_STRINGS_H
# include <strings.h>
#endif
#if HAVE_INTTYPES_H
# include <inttypes.h>
#else
# if HAVE_STDINT_H
#  include <stdint.h>
# endif
#endif
#if HAVE_UNISTD_H
# include <unistd.h>
#endif
#include <pty.h>
configure:4758: result: no
configure:4762: checking pty.h presence
configure:4769: gcc -E  conftest.c
configure:4765:17: pty.h: No such file or directory
configure:4775: $? = 1
configure: failed program was:
#line 4764 "configure"
#include "confdefs.h"
#include <pty.h>
configure:4793: result: no
configure:4811: checking for pty.h
configure:4818: result: no
configure:4731: checking readpassphrase.h usability
configure:4740: gcc -c -g -O2 -Wall -Wpointer-arith -Wno-uninitialized  conftest.c >&5
configure:4743: $? = 0
configure:4746: test -s conftest.o
configure:4749: $? = 0
configure:4758: result: yes
configure:4762: checking readpassphrase.h presence
configure:4769: gcc -E  conftest.c
configure:4775: $? = 0
configure:4793: result: yes
configure:4811: checking for readpassphrase.h
configure:4818: result: yes
configure:4731: checking rpc/types.h usability
configure:4740: gcc -c -g -O2 -Wall -Wpointer-arith -Wno-uninitialized  conftest.c >&5
configure:4743: $? = 0
configure:4746: test -s conftest.o
configure:4749: $? = 0
configure:4758: result: yes
configure:4762: checking rpc/types.h presence
configure:4769: gcc -E  conftest.c
configure:4775: $? = 0
configure:4793: result: yes
configure:4811: checking for rpc/types.h
configure:4818: result: yes
configure:4731: checking security/pam_appl.h usability
configure:4740: gcc -c -g -O2 -Wall -Wpointer-arith -Wno-uninitialized  conftest.c >&5
configure:4768:31: security/pam_appl.h: No such file or directory
configure:4743: $? = 1
configure: failed program was:
#line 4733 "configure"
#include "confdefs.h"
#include <stdio.h>
#if HAVE_SYS_TYPES_H
# include <sys/types.h>
#endif
#if HAVE_SYS_STAT_H
# include <sys/stat.h>
#endif
#if STDC_HEADERS
# include <stdlib.h>
# include <stddef.h>
#else
# if HAVE_STDLIB_H
#  include <stdlib.h>
# endif
#endif
#if HAVE_STRING_H
# if !STDC_HEADERS && HAVE_MEMORY_H
#  include <memory.h>
# endif
# include <string.h>
#endif
#if HAVE_STRINGS_H
# include <strings.h>
#endif
#if HAVE_INTTYPES_H
# include <inttypes.h>
#else
# if HAVE_STDINT_H
#  include <stdint.h>
# endif
#endif
#if HAVE_UNISTD_H
# include <unistd.h>
#endif
#include <security/pam_appl.h>
configure:4758: result: no
configure:4762: checking security/pam_appl.h presence
configure:4769: gcc -E  conftest.c
configure:4765:31: security/pam_appl.h: No such file or directory
configure:4775: $? = 1
configure: failed program was:
#line 4764 "configure"
#include "confdefs.h"
#include <security/pam_appl.h>
configure:4793: result: no
configure:4811: checking for security/pam_appl.h
configure:4818: result: no
configure:4731: checking shadow.h usability
configure:4740: gcc -c -g -O2 -Wall -Wpointer-arith -Wno-uninitialized  conftest.c >&5
configure:4768:20: shadow.h: No such file or directory
configure:4743: $? = 1
configure: failed program was:
#line 4733 "configure"
#include "confdefs.h"
#include <stdio.h>
#if HAVE_SYS_TYPES_H
# include <sys/types.h>
#endif
#if HAVE_SYS_STAT_H
# include <sys/stat.h>
#endif
#if STDC_HEADERS
# include <stdlib.h>
# include <stddef.h>
#else
# if HAVE_STDLIB_H
#  include <stdlib.h>
# endif
#endif
#if HAVE_STRING_H
# if !STDC_HEADERS && HAVE_MEMORY_H
#  include <memory.h>
# endif
# include <string.h>
#endif
#if HAVE_STRINGS_H
# include <strings.h>
#endif
#if HAVE_INTTYPES_H
# include <inttypes.h>
#else
# if HAVE_STDINT_H
#  include <stdint.h>
# endif
#endif
#if HAVE_UNISTD_H
# include <unistd.h>
#endif
#include <shadow.h>
configure:4758: result: no
configure:4762: checking shadow.h presence
configure:4769: gcc -E  conftest.c
configure:4765:20: shadow.h: No such file or directory
configure:4775: $? = 1
configure: failed program was:
#line 4764 "configure"
#include "confdefs.h"
#include <shadow.h>
configure:4793: result: no
configure:4811: checking for shadow.h
configure:4818: result: no
configure:4731: checking stddef.h usability
configure:4740: gcc -c -g -O2 -Wall -Wpointer-arith -Wno-uninitialized  conftest.c >&5
configure:4743: $? = 0
configure:4746: test -s conftest.o
configure:4749: $? = 0
configure:4758: result: yes
configure:4762: checking stddef.h presence
configure:4769: gcc -E  conftest.c
configure:4775: $? = 0
configure:4793: result: yes
configure:4811: checking for stddef.h
configure:4818: result: yes
configure:4722: checking for stdint.h
configure:4727: result: yes
configure:4722: checking for strings.h
configure:4727: result: yes
configure:4731: checking sys/bitypes.h usability
configure:4740: gcc -c -g -O2 -Wall -Wpointer-arith -Wno-uninitialized  conftest.c >&5
configure:4768:25: sys/bitypes.h: No such file or directory
configure:4743: $? = 1
configure: failed program was:
#line 4733 "configure"
#include "confdefs.h"
#include <stdio.h>
#if HAVE_SYS_TYPES_H
# include <sys/types.h>
#endif
#if HAVE_SYS_STAT_H
# include <sys/stat.h>
#endif
#if STDC_HEADERS
# include <stdlib.h>
# include <stddef.h>
#else
# if HAVE_STDLIB_H
#  include <stdlib.h>
# endif
#endif
#if HAVE_STRING_H
# if !STDC_HEADERS && HAVE_MEMORY_H
#  include <memory.h>
# endif
# include <string.h>
#endif
#if HAVE_STRINGS_H
# include <strings.h>
#endif
#if HAVE_INTTYPES_H
# include <inttypes.h>
#else
# if HAVE_STDINT_H
#  include <stdint.h>
# endif
#endif
#if HAVE_UNISTD_H
# include <unistd.h>
#endif
#include <sys/bitypes.h>
configure:4758: result: no
configure:4762: checking sys/bitypes.h presence
configure:4769: gcc -E  conftest.c
configure:4765:25: sys/bitypes.h: No such file or directory
configure:4775: $? = 1
configure: failed program was:
#line 4764 "configure"
#include "confdefs.h"
#include <sys/bitypes.h>
configure:4793: result: no
configure:4811: checking for sys/bitypes.h
configure:4818: result: no
configure:4731: checking sys/bsdtty.h usability
configure:4740: gcc -c -g -O2 -Wall -Wpointer-arith -Wno-uninitialized  conftest.c >&5
configure:4768:24: sys/bsdtty.h: No such file or directory
configure:4743: $? = 1
configure: failed program was:
#line 4733 "configure"
#include "confdefs.h"
#include <stdio.h>
#if HAVE_SYS_TYPES_H
# include <sys/types.h>
#endif
#if HAVE_SYS_STAT_H
# include <sys/stat.h>
#endif
#if STDC_HEADERS
# include <stdlib.h>
# include <stddef.h>
#else
# if HAVE_STDLIB_H
#  include <stdlib.h>
# endif
#endif
#if HAVE_STRING_H
# if !STDC_HEADERS && HAVE_MEMORY_H
#  include <memory.h>
# endif
# include <string.h>
#endif
#if HAVE_STRINGS_H
# include <strings.h>
#endif
#if HAVE_INTTYPES_H
# include <inttypes.h>
#else
# if HAVE_STDINT_H
#  include <stdint.h>
# endif
#endif
#if HAVE_UNISTD_H
# include <unistd.h>
#endif
#include <sys/bsdtty.h>
configure:4758: result: no
configure:4762: checking sys/bsdtty.h presence
configure:4769: gcc -E  conftest.c
configure:4765:24: sys/bsdtty.h: No such file or directory
configure:4775: $? = 1
configure: failed program was:
#line 4764 "configure"
#include "confdefs.h"
#include <sys/bsdtty.h>
configure:4793: result: no
configure:4811: checking for sys/bsdtty.h
configure:4818: result: no
configure:4731: checking sys/cdefs.h usability
configure:4740: gcc -c -g -O2 -Wall -Wpointer-arith -Wno-uninitialized  conftest.c >&5
configure:4743: $? = 0
configure:4746: test -s conftest.o
configure:4749: $? = 0
configure:4758: result: yes
configure:4762: checking sys/cdefs.h presence
configure:4769: gcc -E  conftest.c
configure:4775: $? = 0
configure:4793: result: yes
configure:4811: checking for sys/cdefs.h
configure:4818: result: yes
configure:4731: checking sys/mman.h usability
configure:4740: gcc -c -g -O2 -Wall -Wpointer-arith -Wno-uninitialized  conftest.c >&5
configure:4743: $? = 0
configure:4746: test -s conftest.o
configure:4749: $? = 0
configure:4758: result: yes
configure:4762: checking sys/mman.h presence
configure:4769: gcc -E  conftest.c
configure:4775: $? = 0
configure:4793: result: yes
configure:4811: checking for sys/mman.h
configure:4818: result: yes
configure:4731: checking sys/select.h usability
configure:4740: gcc -c -g -O2 -Wall -Wpointer-arith -Wno-uninitialized  conftest.c >&5
configure:4743: $? = 0
configure:4746: test -s conftest.o
configure:4749: $? = 0
configure:4758: result: yes
configure:4762: checking sys/select.h presence
configure:4769: gcc -E  conftest.c
configure:4775: $? = 0
configure:4793: result: yes
configure:4811: checking for sys/select.h
configure:4818: result: yes
configure:4722: checking for sys/stat.h
configure:4727: result: yes
configure:4731: checking sys/stropts.h usability
configure:4740: gcc -c -g -O2 -Wall -Wpointer-arith -Wno-uninitialized  conftest.c >&5
configure:4768:25: sys/stropts.h: No such file or directory
configure:4743: $? = 1
configure: failed program was:
#line 4733 "configure"
#include "confdefs.h"
#include <stdio.h>
#if HAVE_SYS_TYPES_H
# include <sys/types.h>
#endif
#if HAVE_SYS_STAT_H
# include <sys/stat.h>
#endif
#if STDC_HEADERS
# include <stdlib.h>
# include <stddef.h>
#else
# if HAVE_STDLIB_H
#  include <stdlib.h>
# endif
#endif
#if HAVE_STRING_H
# if !STDC_HEADERS && HAVE_MEMORY_H
#  include <memory.h>
# endif
# include <string.h>
#endif
#if HAVE_STRINGS_H
# include <strings.h>
#endif
#if HAVE_INTTYPES_H
# include <inttypes.h>
#else
# if HAVE_STDINT_H
#  include <stdint.h>
# endif
#endif
#if HAVE_UNISTD_H
# include <unistd.h>
#endif
#include <sys/stropts.h>
configure:4758: result: no
configure:4762: checking sys/stropts.h presence
configure:4769: gcc -E  conftest.c
configure:4765:25: sys/stropts.h: No such file or directory
configure:4775: $? = 1
configure: failed program was:
#line 4764 "configure"
#include "confdefs.h"
#include <sys/stropts.h>
configure:4793: result: no
configure:4811: checking for sys/stropts.h
configure:4818: result: no
configure:4731: checking sys/sysmacros.h usability
configure:4740: gcc -c -g -O2 -Wall -Wpointer-arith -Wno-uninitialized  conftest.c >&5
configure:4768:27: sys/sysmacros.h: No such file or directory
configure:4743: $? = 1
configure: failed program was:
#line 4733 "configure"
#include "confdefs.h"
#include <stdio.h>
#if HAVE_SYS_TYPES_H
# include <sys/types.h>
#endif
#if HAVE_SYS_STAT_H
# include <sys/stat.h>
#endif
#if STDC_HEADERS
# include <stdlib.h>
# include <stddef.h>
#else
# if HAVE_STDLIB_H
#  include <stdlib.h>
# endif
#endif
#if HAVE_STRING_H
# if !STDC_HEADERS && HAVE_MEMORY_H
#  include <memory.h>
# endif
# include <string.h>
#endif
#if HAVE_STRINGS_H
# include <strings.h>
#endif
#if HAVE_INTTYPES_H
# include <inttypes.h>
#else
# if HAVE_STDINT_H
#  include <stdint.h>
# endif
#endif
#if HAVE_UNISTD_H
# include <unistd.h>
#endif
#include <sys/sysmacros.h>
configure:4758: result: no
configure:4762: checking sys/sysmacros.h presence
configure:4769: gcc -E  conftest.c
configure:4765:27: sys/sysmacros.h: No such file or directory
configure:4775: $? = 1
configure: failed program was:
#line 4764 "configure"
#include "confdefs.h"
#include <sys/sysmacros.h>
configure:4793: result: no
configure:4811: checking for sys/sysmacros.h
configure:4818: result: no
configure:4731: checking sys/time.h usability
configure:4740: gcc -c -g -O2 -Wall -Wpointer-arith -Wno-uninitialized  conftest.c >&5
configure:4743: $? = 0
configure:4746: test -s conftest.o
configure:4749: $? = 0
configure:4758: result: yes
configure:4762: checking sys/time.h presence
configure:4769: gcc -E  conftest.c
configure:4775: $? = 0
configure:4793: result: yes
configure:4811: checking for sys/time.h
configure:4818: result: yes
configure:4731: checking sys/un.h usability
configure:4740: gcc -c -g -O2 -Wall -Wpointer-arith -Wno-uninitialized  conftest.c >&5
configure:4743: $? = 0
configure:4746: test -s conftest.o
configure:4749: $? = 0
configure:4758: result: yes
configure:4762: checking sys/un.h presence
configure:4769: gcc -E  conftest.c
configure:4775: $? = 0
configure:4793: result: yes
configure:4811: checking for sys/un.h
configure:4818: result: yes
configure:4731: checking time.h usability
configure:4740: gcc -c -g -O2 -Wall -Wpointer-arith -Wno-uninitialized  conftest.c >&5
configure:4743: $? = 0
configure:4746: test -s conftest.o
configure:4749: $? = 0
configure:4758: result: yes
configure:4762: checking time.h presence
configure:4769: gcc -E  conftest.c
configure:4775: $? = 0
configure:4793: result: yes
configure:4811: checking for time.h
configure:4818: result: yes
configure:4731: checking ttyent.h usability
configure:4740: gcc -c -g -O2 -Wall -Wpointer-arith -Wno-uninitialized  conftest.c >&5
configure:4743: $? = 0
configure:4746: test -s conftest.o
configure:4749: $? = 0
configure:4758: result: yes
configure:4762: checking ttyent.h presence
configure:4769: gcc -E  conftest.c
configure:4775: $? = 0
configure:4793: result: yes
configure:4811: checking for ttyent.h
configure:4818: result: yes
configure:4731: checking usersec.h usability
configure:4740: gcc -c -g -O2 -Wall -Wpointer-arith -Wno-uninitialized  conftest.c >&5
configure:4768:21: usersec.h: No such file or directory
configure:4743: $? = 1
configure: failed program was:
#line 4733 "configure"
#include "confdefs.h"
#include <stdio.h>
#if HAVE_SYS_TYPES_H
# include <sys/types.h>
#endif
#if HAVE_SYS_STAT_H
# include <sys/stat.h>
#endif
#if STDC_HEADERS
# include <stdlib.h>
# include <stddef.h>
#else
# if HAVE_STDLIB_H
#  include <stdlib.h>
# endif
#endif
#if HAVE_STRING_H
# if !STDC_HEADERS && HAVE_MEMORY_H
#  include <memory.h>
# endif
# include <string.h>
#endif
#if HAVE_STRINGS_H
# include <strings.h>
#endif
#if HAVE_INTTYPES_H
# include <inttypes.h>
#else
# if HAVE_STDINT_H
#  include <stdint.h>
# endif
#endif
#if HAVE_UNISTD_H
# include <unistd.h>
#endif
#include <usersec.h>
configure:4758: result: no
configure:4762: checking usersec.h presence
configure:4769: gcc -E  conftest.c
configure:4765:21: usersec.h: No such file or directory
configure:4775: $? = 1
configure: failed program was:
#line 4764 "configure"
#include "confdefs.h"
#include <usersec.h>
configure:4793: result: no
configure:4811: checking for usersec.h
configure:4818: result: no
configure:4731: checking util.h usability
configure:4740: gcc -c -g -O2 -Wall -Wpointer-arith -Wno-uninitialized  conftest.c >&5
configure:4743: $? = 0
configure:4746: test -s conftest.o
configure:4749: $? = 0
configure:4758: result: yes
configure:4762: checking util.h presence
configure:4769: gcc -E  conftest.c
configure:4775: $? = 0
configure:4793: result: yes
configure:4811: checking for util.h
configure:4818: result: yes
configure:4731: checking utime.h usability
configure:4740: gcc -c -g -O2 -Wall -Wpointer-arith -Wno-uninitialized  conftest.c >&5
configure:4743: $? = 0
configure:4746: test -s conftest.o
configure:4749: $? = 0
configure:4758: result: yes
configure:4762: checking utime.h presence
configure:4769: gcc -E  conftest.c
configure:4775: $? = 0
configure:4793: result: yes
configure:4811: checking for utime.h
configure:4818: result: yes
configure:4731: checking utmp.h usability
configure:4740: gcc -c -g -O2 -Wall -Wpointer-arith -Wno-uninitialized  conftest.c >&5
configure:4743: $? = 0
configure:4746: test -s conftest.o
configure:4749: $? = 0
configure:4758: result: yes
configure:4762: checking utmp.h presence
configure:4769: gcc -E  conftest.c
configure:4775: $? = 0
configure:4793: result: yes
configure:4811: checking for utmp.h
configure:4818: result: yes
configure:4731: checking utmpx.h usability
configure:4740: gcc -c -g -O2 -Wall -Wpointer-arith -Wno-uninitialized  conftest.c >&5
configure:4768:19: utmpx.h: No such file or directory
configure:4743: $? = 1
configure: failed program was:
#line 4733 "configure"
#include "confdefs.h"
#include <stdio.h>
#if HAVE_SYS_TYPES_H
# include <sys/types.h>
#endif
#if HAVE_SYS_STAT_H
# include <sys/stat.h>
#endif
#if STDC_HEADERS
# include <stdlib.h>
# include <stddef.h>
#else
# if HAVE_STDLIB_H
#  include <stdlib.h>
# endif
#endif
#if HAVE_STRING_H
# if !STDC_HEADERS && HAVE_MEMORY_H
#  include <memory.h>
# endif
# include <string.h>
#endif
#if HAVE_STRINGS_H
# include <strings.h>
#endif
#if HAVE_INTTYPES_H
# include <inttypes.h>
#else
# if HAVE_STDINT_H
#  include <stdint.h>
# endif
#endif
#if HAVE_UNISTD_H
# include <unistd.h>
#endif
#include <utmpx.h>
configure:4758: result: no
configure:4762: checking utmpx.h presence
configure:4769: gcc -E  conftest.c
configure:4765:19: utmpx.h: No such file or directory
configure:4775: $? = 1
configure: failed program was:
#line 4764 "configure"
#include "confdefs.h"
#include <utmpx.h>
configure:4793: result: no
configure:4811: checking for utmpx.h
configure:4818: result: no
configure:4833: checking for yp_match
configure:4876: gcc -o conftest -g -O2 -Wall -Wpointer-arith -Wno-uninitialized   conftest.c  >&5
configure:4879: $? = 0
configure:4882: test -s conftest
configure:4885: $? = 0
configure:4895: result: yes
configure:4967: checking for setsockopt
configure:5010: gcc -o conftest -g -O2 -Wall -Wpointer-arith -Wno-uninitialized   conftest.c  >&5
configure:5013: $? = 0
configure:5016: test -s conftest
configure:5019: $? = 0
configure:5029: result: yes
configure:5166: checking for getspnam
configure:5209: gcc -o conftest -g -O2 -Wall -Wpointer-arith -Wno-uninitialized   conftest.c  >&5
/tmp//ccX23469.o(.text+0x1f): In function `main':
/home/kaiten/kecoak/openssh/configure:5199: undefined reference to `getspnam'
collect2: ld returned 1 exit status
configure:5212: $? = 1
configure: failed program was:
#line 5171 "configure"
#include "confdefs.h"
/* System header to define __stub macros and hopefully few prototypes,
    which can conflict with char getspnam (); below.  */
#include <assert.h>
/* Override any gcc2 internal prototype to avoid an error.  */
#ifdef __cplusplus
extern "C"
#endif
/* We use char because int might match the return type of a gcc2
   builtin and then its argument prototype would still apply.  */
char getspnam ();
char (*f) ();

#ifdef F77_DUMMY_MAIN
#  ifdef __cplusplus
     extern "C"
#  endif
   int F77_DUMMY_MAIN() { return 1; }
#endif
int
main ()
{
/* The GNU C library defines this for functions which it implements
    to always fail with ENOSYS.  Some functions are actually named
    something starting with __ and the normal name is an alias.  */
#if defined (__stub_getspnam) || defined (__stub___getspnam)
choke me
#else
f = getspnam;
#endif

  ;
  return 0;
}
configure:5228: result: no
configure:5233: checking for getspnam in -lgen
configure:5266: gcc -o conftest -g -O2 -Wall -Wpointer-arith -Wno-uninitialized   conftest.c -lgen   >&5
/usr/bin/ld: cannot find -lgen
collect2: ld returned 1 exit status
configure:5269: $? = 1
configure: failed program was:
#line 5240 "configure"
#include "confdefs.h"

/* Override any gcc2 internal prototype to avoid an error.  */
#ifdef __cplusplus
extern "C"
#endif
/* We use char because int might match the return type of a gcc2
   builtin and then its argument prototype would still apply.  */
char getspnam ();
#ifdef F77_DUMMY_MAIN
#  ifdef __cplusplus
     extern "C"
#  endif
   int F77_DUMMY_MAIN() { return 1; }
#endif
int
main ()
{
getspnam ();
  ;
  return 0;
}
configure:5286: result: no
configure:5343: checking for deflate in -lz
configure:5376: gcc -o conftest -g -O2 -Wall -Wpointer-arith -Wno-uninitialized   conftest.c -lz   >&5
configure:5379: $? = 0
configure:5382: test -s conftest
configure:5385: $? = 0
configure:5396: result: yes
configure:5412: checking for strcasecmp
configure:5455: gcc -o conftest -g -O2 -Wall -Wpointer-arith -Wno-uninitialized   conftest.c -lz  >&5
configure:5458: $? = 0
configure:5461: test -s conftest
configure:5464: $? = 0
configure:5474: result: yes
configure:5541: checking for utimes
configure:5584: gcc -o conftest -g -O2 -Wall -Wpointer-arith -Wno-uninitialized   conftest.c -lz  >&5
configure:5587: $? = 0
configure:5590: test -s conftest
configure:5593: $? = 0
configure:5603: result: yes
configure:5685: checking libutil.h usability
configure:5694: gcc -c -g -O2 -Wall -Wpointer-arith -Wno-uninitialized  conftest.c >&5
configure:5722:21: libutil.h: No such file or directory
configure:5697: $? = 1
configure: failed program was:
#line 5687 "configure"
#include "confdefs.h"
#include <stdio.h>
#if HAVE_SYS_TYPES_H
# include <sys/types.h>
#endif
#if HAVE_SYS_STAT_H
# include <sys/stat.h>
#endif
#if STDC_HEADERS
# include <stdlib.h>
# include <stddef.h>
#else
# if HAVE_STDLIB_H
#  include <stdlib.h>
# endif
#endif
#if HAVE_STRING_H
# if !STDC_HEADERS && HAVE_MEMORY_H
#  include <memory.h>
# endif
# include <string.h>
#endif
#if HAVE_STRINGS_H
# include <strings.h>
#endif
#if HAVE_INTTYPES_H
# include <inttypes.h>
#else
# if HAVE_STDINT_H
#  include <stdint.h>
# endif
#endif
#if HAVE_UNISTD_H
# include <unistd.h>
#endif
#include <libutil.h>
configure:5712: result: no
configure:5716: checking libutil.h presence
configure:5723: gcc -E  conftest.c
configure:5719:21: libutil.h: No such file or directory
configure:5729: $? = 1
configure: failed program was:
#line 5718 "configure"
#include "confdefs.h"
#include <libutil.h>
configure:5747: result: no
configure:5765: checking for libutil.h
configure:5772: result: no
configure:5785: checking for library containing login
configure:5818: gcc -o conftest -g -O2 -Wall -Wpointer-arith -Wno-uninitialized   conftest.c -lz  >&5
/tmp//ccpCu545.o(.text+0x12): In function `main':
/home/kaiten/kecoak/openssh/configure:5810: undefined reference to `login'
collect2: ld returned 1 exit status
configure:5821: $? = 1
configure: failed program was:
#line 5792 "configure"
#include "confdefs.h"

/* Override any gcc2 internal prototype to avoid an error.  */
#ifdef __cplusplus
extern "C"
#endif
/* We use char because int might match the return type of a gcc2
   builtin and then its argument prototype would still apply.  */
char login ();
#ifdef F77_DUMMY_MAIN
#  ifdef __cplusplus
     extern "C"
#  endif
   int F77_DUMMY_MAIN() { return 1; }
#endif
int
main ()
{
login ();
  ;
  return 0;
}
configure:5864: gcc -o conftest -g -O2 -Wall -Wpointer-arith -Wno-uninitialized   conftest.c -lutil  -lz  >&5
configure:5867: $? = 0
configure:5870: test -s conftest
configure:5873: $? = 0
configure:5886: result: -lutil
configure:5902: checking for logout
configure:5945: gcc -o conftest -g -O2 -Wall -Wpointer-arith -Wno-uninitialized   conftest.c -lutil -lz  >&5
configure:5948: $? = 0
configure:5951: test -s conftest
configure:5954: $? = 0
configure:5964: result: yes
configure:5902: checking for updwtmp
configure:5945: gcc -o conftest -g -O2 -Wall -Wpointer-arith -Wno-uninitialized   conftest.c -lutil -lz  >&5
/tmp//ccJ20298.o(.text+0x1f): In function `main':
/home/kaiten/kecoak/openssh/configure:5935: undefined reference to `updwtmp'
collect2: ld returned 1 exit status
configure:5948: $? = 1
configure: failed program was:
#line 5907 "configure"
#include "confdefs.h"
/* System header to define __stub macros and hopefully few prototypes,
    which can conflict with char updwtmp (); below.  */
#include <assert.h>
/* Override any gcc2 internal prototype to avoid an error.  */
#ifdef __cplusplus
extern "C"
#endif
/* We use char because int might match the return type of a gcc2
   builtin and then its argument prototype would still apply.  */
char updwtmp ();
char (*f) ();

#ifdef F77_DUMMY_MAIN
#  ifdef __cplusplus
     extern "C"
#  endif
   int F77_DUMMY_MAIN() { return 1; }
#endif
int
main ()
{
/* The GNU C library defines this for functions which it implements
    to always fail with ENOSYS.  Some functions are actually named
    something starting with __ and the normal name is an alias.  */
#if defined (__stub_updwtmp) || defined (__stub___updwtmp)
choke me
#else
f = updwtmp;
#endif

  ;
  return 0;
}
configure:5964: result: no
configure:5902: checking for logwtmp
configure:5945: gcc -o conftest -g -O2 -Wall -Wpointer-arith -Wno-uninitialized   conftest.c -lutil -lz  >&5
configure:5948: $? = 0
configure:5951: test -s conftest
configure:5954: $? = 0
configure:5964: result: yes
configure:5979: checking for strftime
configure:6022: gcc -o conftest -g -O2 -Wall -Wpointer-arith -Wno-uninitialized   conftest.c -lutil -lz  >&5
configure:6025: $? = 0
configure:6028: test -s conftest
configure:6031: $? = 0
configure:6041: result: yes
configure:6118: checking for GLOB_ALTDIRFUNC support
configure:6137: result: yes
configure:6151: checking for gl_matchc field in glob_t
configure:6173: result: no
configure:6181: checking whether struct dirent allocates space for d_name
configure:6198: gcc -o conftest -g -O2 -Wall -Wpointer-arith -Wno-uninitialized   conftest.c -lutil -lz  >&5
configure:6201: $? = 0
configure:6203: ./conftest
configure:6206: $? = 0
configure:6208: result: yes
configure:6473: checking for arc4random
configure:6516: gcc -o conftest -g -O2 -Wall -Wpointer-arith -Wno-uninitialized   conftest.c -lutil -lz  >&5
configure:6519: $? = 0
configure:6522: test -s conftest
configure:6525: $? = 0
configure:6535: result: yes
configure:6473: checking for b64_ntop
configure:6516: gcc -o conftest -g -O2 -Wall -Wpointer-arith -Wno-uninitialized   conftest.c -lutil -lz  >&5
/tmp//ccZ13440.o(.text+0x1f): In function `main':
/home/kaiten/kecoak/openssh/configure:6506: undefined reference to `b64_ntop'
collect2: ld returned 1 exit status
configure:6519: $? = 1
configure: failed program was:
#line 6478 "configure"
#include "confdefs.h"
/* System header to define __stub macros and hopefully few prototypes,
    which can conflict with char b64_ntop (); below.  */
#include <assert.h>
/* Override any gcc2 internal prototype to avoid an error.  */
#ifdef __cplusplus
extern "C"
#endif
/* We use char because int might match the return type of a gcc2
   builtin and then its argument prototype would still apply.  */
char b64_ntop ();
char (*f) ();

#ifdef F77_DUMMY_MAIN
#  ifdef __cplusplus
     extern "C"
#  endif
   int F77_DUMMY_MAIN() { return 1; }
#endif
int
main ()
{
/* The GNU C library defines this for functions which it implements
    to always fail with ENOSYS.  Some functions are actually named
    something starting with __ and the normal name is an alias.  */
#if defined (__stub_b64_ntop) || defined (__stub___b64_ntop)
choke me
#else
f = b64_ntop;
#endif

  ;
  return 0;
}
configure:6535: result: no
configure:6473: checking for bcopy
configure:6516: gcc -o conftest -g -O2 -Wall -Wpointer-arith -Wno-uninitialized   conftest.c -lutil -lz  >&5
configure:6519: $? = 0
configure:6522: test -s conftest
configure:6525: $? = 0
configure:6535: result: yes
configure:6473: checking for bindresvport_sa
configure:6516: gcc -o conftest -g -O2 -Wall -Wpointer-arith -Wno-uninitialized   conftest.c -lutil -lz  >&5
configure:6519: $? = 0
configure:6522: test -s conftest
configure:6525: $? = 0
configure:6535: result: yes
configure:6473: checking for clock
configure:6516: gcc -o conftest -g -O2 -Wall -Wpointer-arith -Wno-uninitialized   conftest.c -lutil -lz  >&5
configure:6519: $? = 0
configure:6522: test -s conftest
configure:6525: $? = 0
configure:6535: result: yes
configure:6473: checking for fchmod
configure:6516: gcc -o conftest -g -O2 -Wall -Wpointer-arith -Wno-uninitialized   conftest.c -lutil -lz  >&5
configure:6519: $? = 0
configure:6522: test -s conftest
configure:6525: $? = 0
configure:6535: result: yes
configure:6473: checking for fchown
configure:6516: gcc -o conftest -g -O2 -Wall -Wpointer-arith -Wno-uninitialized   conftest.c -lutil -lz  >&5
configure:6519: $? = 0
configure:6522: test -s conftest
configure:6525: $? = 0
configure:6535: result: yes
configure:6473: checking for freeaddrinfo
configure:6516: gcc -o conftest -g -O2 -Wall -Wpointer-arith -Wno-uninitialized   conftest.c -lutil -lz  >&5
configure:6519: $? = 0
configure:6522: test -s conftest
configure:6525: $? = 0
configure:6535: result: yes
configure:6473: checking for futimes
configure:6516: gcc -o conftest -g -O2 -Wall -Wpointer-arith -Wno-uninitialized   conftest.c -lutil -lz  >&5
configure:6519: $? = 0
configure:6522: test -s conftest
configure:6525: $? = 0
configure:6535: result: yes
configure:6473: checking for gai_strerror
configure:6516: gcc -o conftest -g -O2 -Wall -Wpointer-arith -Wno-uninitialized   conftest.c -lutil -lz  >&5
configure:6519: $? = 0
configure:6522: test -s conftest
configure:6525: $? = 0
configure:6535: result: yes
configure:6473: checking for getaddrinfo
configure:6516: gcc -o conftest -g -O2 -Wall -Wpointer-arith -Wno-uninitialized   conftest.c -lutil -lz  >&5
configure:6519: $? = 0
configure:6522: test -s conftest
configure:6525: $? = 0
configure:6535: result: yes
configure:6473: checking for getcwd
configure:6516: gcc -o conftest -g -O2 -Wall -Wpointer-arith -Wno-uninitialized   conftest.c -lutil -lz  >&5
configure:6519: $? = 0
configure:6522: test -s conftest
configure:6525: $? = 0
configure:6535: result: yes
configure:6473: checking for getgrouplist
configure:6516: gcc -o conftest -g -O2 -Wall -Wpointer-arith -Wno-uninitialized   conftest.c -lutil -lz  >&5
configure:6519: $? = 0
configure:6522: test -s conftest
configure:6525: $? = 0
configure:6535: result: yes
configure:6473: checking for getnameinfo
configure:6516: gcc -o conftest -g -O2 -Wall -Wpointer-arith -Wno-uninitialized   conftest.c -lutil -lz  >&5
configure:6519: $? = 0
configure:6522: test -s conftest
configure:6525: $? = 0
configure:6535: result: yes
configure:6473: checking for getopt
configure:6516: gcc -o conftest -g -O2 -Wall -Wpointer-arith -Wno-uninitialized   conftest.c -lutil -lz  >&5
configure:6519: $? = 0
configure:6522: test -s conftest
configure:6525: $? = 0
configure:6535: result: yes
configure:6473: checking for getrlimit
configure:6516: gcc -o conftest -g -O2 -Wall -Wpointer-arith -Wno-uninitialized   conftest.c -lutil -lz  >&5

## ---------------- ##
## Cache variables. ##
## ---------------- ##

ac_cv_build=i386-unknown-openbsd3.9
ac_cv_build_alias=i386-unknown-openbsd3.9
ac_cv_c_bigendian=no
ac_cv_c_compiler_gnu=yes
ac_cv_c_inline=inline
ac_cv_env_CC_set=
ac_cv_env_CC_value=
ac_cv_env_CFLAGS_set=
ac_cv_env_CFLAGS_value=
ac_cv_env_CPPFLAGS_set=
ac_cv_env_CPPFLAGS_value=
ac_cv_env_CPP_set=
ac_cv_env_CPP_value=
ac_cv_env_LDFLAGS_set=
ac_cv_env_LDFLAGS_value=
ac_cv_env_build_alias_set=
ac_cv_env_build_alias_value=
ac_cv_env_host_alias_set=
ac_cv_env_host_alias_value=
ac_cv_env_target_alias_set=
ac_cv_env_target_alias_value=
ac_cv_exeext=
ac_cv_func_arc4random=yes
ac_cv_func_b64_ntop=no
ac_cv_func_bcopy=yes
ac_cv_func_bindresvport_sa=yes
ac_cv_func_clock=yes
ac_cv_func_fchmod=yes
ac_cv_func_fchown=yes
ac_cv_func_freeaddrinfo=yes
ac_cv_func_futimes=yes
ac_cv_func_gai_strerror=yes
ac_cv_func_getaddrinfo=yes
ac_cv_func_getcwd=yes
ac_cv_func_getgrouplist=yes
ac_cv_func_getnameinfo=yes
ac_cv_func_getopt=yes
ac_cv_func_getspnam=no
ac_cv_func_logout=yes
ac_cv_func_logwtmp=yes
ac_cv_func_setsockopt=yes
ac_cv_func_strcasecmp=yes
ac_cv_func_strftime=yes
ac_cv_func_updwtmp=no
ac_cv_func_utimes=yes
ac_cv_func_yp_match=yes
ac_cv_header_bstring_h=no
ac_cv_header_crypt_h=no
ac_cv_header_endian_h=no
ac_cv_header_floatingpoint_h=no
ac_cv_header_getopt_h=yes
ac_cv_header_glob_h=yes
ac_cv_header_inttypes_h=yes
ac_cv_header_lastlog_h=no
ac_cv_header_libutil_h=no
ac_cv_header_limits_h=yes
ac_cv_header_login_cap_h=yes
ac_cv_header_login_h=no
ac_cv_header_maillock_h=no
ac_cv_header_memory_h=yes
ac_cv_header_netdb_h=yes
ac_cv_header_netgroup_h=yes
ac_cv_header_netinet_in_systm_h=yes
ac_cv_header_paths_h=yes
ac_cv_header_pty_h=no
ac_cv_header_readpassphrase_h=yes
ac_cv_header_rpc_types_h=yes
ac_cv_header_security_pam_appl_h=no
ac_cv_header_shadow_h=no
ac_cv_header_stdc=yes
ac_cv_header_stddef_h=yes
ac_cv_header_stdint_h=yes
ac_cv_header_stdlib_h=yes
ac_cv_header_string_h=yes
ac_cv_header_strings_h=yes
ac_cv_header_sys_bitypes_h=no
ac_cv_header_sys_bsdtty_h=no
ac_cv_header_sys_cdefs_h=yes
ac_cv_header_sys_mman_h=yes
ac_cv_header_sys_select_h=yes
ac_cv_header_sys_stat_h=yes
ac_cv_header_sys_stropts_h=no
ac_cv_header_sys_sysmacros_h=no
ac_cv_header_sys_time_h=yes
ac_cv_header_sys_types_h=yes
ac_cv_header_sys_un_h=yes
ac_cv_header_time_h=yes
ac_cv_header_ttyent_h=yes
ac_cv_header_unistd_h=yes
ac_cv_header_usersec_h=no
ac_cv_header_util_h=yes
ac_cv_header_utime_h=yes
ac_cv_header_utmp_h=yes
ac_cv_header_utmpx_h=no
ac_cv_host=i386-unknown-openbsd3.9
ac_cv_host_alias=i386-unknown-openbsd3.9
ac_cv_lib_gen_getspnam=no
ac_cv_lib_z_deflate=yes
ac_cv_objext=o
ac_cv_path_AR=/usr/bin/ar
ac_cv_path_LOGIN_PROGRAM_FALLBACK=/usr/bin/login
ac_cv_path_PERL=/usr/bin/perl
ac_cv_path_SH=/bin/sh
ac_cv_path_TEST_MINUS_S_SH=/usr/local/bin/bash
ac_cv_path_install='/usr/bin/install -c'
ac_cv_prog_CPP='gcc -E'
ac_cv_prog_ac_ct_CC=gcc
ac_cv_prog_ac_ct_RANLIB=ranlib
ac_cv_prog_cc_g=yes
ac_cv_prog_cc_stdc=
ac_cv_search_login=-lutil
ac_cv_sys_file_offset_bits=no
ac_cv_sys_large_files=no
ac_cv_sys_largefile_CC=no

## ----------- ##
## confdefs.h. ##
## ----------- ##

#define PACKAGE_NAME ""
#define PACKAGE_TARNAME ""
#define PACKAGE_VERSION ""
#define PACKAGE_STRING ""
#define PACKAGE_BUGREPORT ""
#define LOGIN_PROGRAM_FALLBACK "/usr/bin/login"
#define STDC_HEADERS 1
#define HAVE_SYS_TYPES_H 1
#define HAVE_SYS_STAT_H 1
#define HAVE_STDLIB_H 1
#define HAVE_STRING_H 1
#define HAVE_MEMORY_H 1
#define HAVE_STRINGS_H 1
#define HAVE_INTTYPES_H 1
#define HAVE_STDINT_H 1
#define HAVE_UNISTD_H 1
#define HAVE_GETOPT_H 1
#define HAVE_GLOB_H 1
#define HAVE_LIMITS_H 1
#define HAVE_LOGIN_CAP_H 1
#define HAVE_NETDB_H 1
#define HAVE_NETGROUP_H 1
#define HAVE_NETINET_IN_SYSTM_H 1
#define HAVE_PATHS_H 1
#define HAVE_READPASSPHRASE_H 1
#define HAVE_RPC_TYPES_H 1
#define HAVE_STDDEF_H 1
#define HAVE_STDINT_H 1
#define HAVE_STRINGS_H 1
#define HAVE_SYS_CDEFS_H 1
#define HAVE_SYS_MMAN_H 1
#define HAVE_SYS_SELECT_H 1
#define HAVE_SYS_STAT_H 1
#define HAVE_SYS_TIME_H 1
#define HAVE_SYS_UN_H 1
#define HAVE_TIME_H 1
#define HAVE_TTYENT_H 1
#define HAVE_UTIL_H 1
#define HAVE_UTIME_H 1
#define HAVE_UTMP_H 1
#define HAVE_LIBZ 1
#define HAVE_LOGIN 1
#define HAVE_LOGOUT 1
#define HAVE_LOGWTMP 1
#define HAVE_STRFTIME 1
#define GLOB_HAS_ALTDIRFUNC 1
#define HAVE_ARC4RANDOM 1
#define HAVE_BCOPY 1
#define HAVE_BINDRESVPORT_SA 1
#define HAVE_CLOCK 1
#define HAVE_FCHMOD 1
#define HAVE_FCHOWN 1
#define HAVE_FREEADDRINFO 1
#define HAVE_FUTIMES 1
#define HAVE_GAI_STRERROR 1
#define HAVE_GETADDRINFO 1
#define HAVE_GETCWD 1
#define HAVE_GETGROUPLIST 1
#define HAVE_GETNAMEINFO 1
#define HAVE_GETOPT 1

configure: caught signal 2
configure: exit 1
